# Logfile created on 2015-10-20 16:46:39 +0800 by logger.rb/47272
D, [2015-10-20T16:46:39.392957 #9509] DEBUG -- :   [1m[36m (0.3ms)[0m  [1mCREATE TABLE "users" ("id" INTEGER PRIMARY KEY AUTOINCREMENT NOT NULL, "name" varchar, "username" varchar, "password" varchar, "activated" boolean, "suspended_at" datetime, "logins" integer DEFAULT 0, "created_at" datetime, "updated_at" datetime) [0m
D, [2015-10-20T16:46:39.559928 #9509] DEBUG -- :   [1m[35m (0.1ms)[0m  begin transaction
D, [2015-10-20T16:46:39.562948 #9509] DEBUG -- :   [1m[36mSQL (0.2ms)[0m  [1mINSERT INTO "users" ("name", "username", "password", "created_at", "updated_at") VALUES (?, ?, ?, ?, ?)[0m  [["name", "darth"], ["username", "darth"], ["password", "noooooooo"], ["created_at", "2015-10-20 08:46:39.561375"], ["updated_at", "2015-10-20 08:46:39.561375"]]
D, [2015-10-20T16:46:39.563606 #9509] DEBUG -- :   [1m[35m (0.1ms)[0m  commit transaction
D, [2015-10-20T16:46:39.565242 #9509] DEBUG -- :   [1m[36m (0.1ms)[0m  [1mbegin transaction[0m
D, [2015-10-20T16:46:39.566083 #9509] DEBUG -- :   [1m[35mSQL (0.1ms)[0m  INSERT INTO "users" ("name", "username", "password", "created_at", "updated_at") VALUES (?, ?, ?, ?, ?)  [["name", "darth"], ["username", "darth"], ["password", "noooooooo"], ["created_at", "2015-10-20 08:46:39.565410"], ["updated_at", "2015-10-20 08:46:39.565410"]]
D, [2015-10-20T16:46:39.566456 #9509] DEBUG -- :   [1m[36m (0.0ms)[0m  [1mcommit transaction[0m
D, [2015-10-20T16:46:39.567834 #9509] DEBUG -- :   [1m[35m (0.1ms)[0m  begin transaction
D, [2015-10-20T16:46:39.568664 #9509] DEBUG -- :   [1m[36mSQL (0.1ms)[0m  [1mINSERT INTO "users" ("name", "username", "password", "created_at", "updated_at") VALUES (?, ?, ?, ?, ?)[0m  [["name", "darth"], ["username", "darth"], ["password", "noooooooo"], ["created_at", "2015-10-20 08:46:39.567973"], ["updated_at", "2015-10-20 08:46:39.567973"]]
D, [2015-10-20T16:46:39.569144 #9509] DEBUG -- :   [1m[35m (0.1ms)[0m  commit transaction
D, [2015-10-20T16:46:39.571108 #9509] DEBUG -- :   [1m[36m (0.1ms)[0m  [1mbegin transaction[0m
D, [2015-10-20T16:46:39.571861 #9509] DEBUG -- :   [1m[35mSQL (0.1ms)[0m  INSERT INTO "users" ("name", "username", "password", "created_at", "updated_at") VALUES (?, ?, ?, ?, ?)  [["name", "Brandon"], ["username", "brandon"], ["password", "password"], ["created_at", "2015-10-20 08:46:39.571228"], ["updated_at", "2015-10-20 08:46:39.571228"]]
D, [2015-10-20T16:46:39.572182 #9509] DEBUG -- :   [1m[36m (0.0ms)[0m  [1mcommit transaction[0m
D, [2015-10-20T16:46:39.572621 #9509] DEBUG -- :   [1m[35m (0.0ms)[0m  begin transaction
D, [2015-10-20T16:46:39.576866 #9509] DEBUG -- :   [1m[36mSQL (0.2ms)[0m  [1mUPDATE "users" SET "name" = ?, "updated_at" = ? WHERE "users"."id" = ?[0m  [["name", "Tom"], ["updated_at", "2015-10-20 08:46:39.572906"], ["id", 4]]
D, [2015-10-20T16:46:39.577295 #9509] DEBUG -- :   [1m[35m (0.1ms)[0m  commit transaction
D, [2015-10-20T16:46:39.578374 #9509] DEBUG -- :   [1m[36m (0.0ms)[0m  [1mbegin transaction[0m
D, [2015-10-20T16:46:39.579094 #9509] DEBUG -- :   [1m[35mSQL (0.1ms)[0m  INSERT INTO "users" ("name", "username", "password", "created_at", "updated_at") VALUES (?, ?, ?, ?, ?)  [["name", "Brandon"], ["username", "brandon"], ["password", "password"], ["created_at", "2015-10-20 08:46:39.578488"], ["updated_at", "2015-10-20 08:46:39.578488"]]
D, [2015-10-20T16:46:39.579489 #9509] DEBUG -- :   [1m[36m (0.1ms)[0m  [1mcommit transaction[0m
D, [2015-10-20T16:46:39.579938 #9509] DEBUG -- :   [1m[35m (0.0ms)[0m  begin transaction
D, [2015-10-20T16:46:39.580934 #9509] DEBUG -- :   [1m[36mSQL (0.1ms)[0m  [1mUPDATE "users" SET "name" = ?, "updated_at" = ? WHERE "users"."id" = ?[0m  [["name", "Tom"], ["updated_at", "2015-10-20 08:46:39.580192"], ["id", 5]]
D, [2015-10-20T16:46:39.581490 #9509] DEBUG -- :   [1m[35m (0.1ms)[0m  commit transaction
D, [2015-10-20T16:46:39.582922 #9509] DEBUG -- :   [1m[36m (0.1ms)[0m  [1mbegin transaction[0m
D, [2015-10-20T16:46:39.583926 #9509] DEBUG -- :   [1m[35mSQL (0.1ms)[0m  INSERT INTO "users" ("name", "username", "password", "created_at", "updated_at") VALUES (?, ?, ?, ?, ?)  [["name", "Brandon"], ["username", "brandon"], ["password", "password"], ["created_at", "2015-10-20 08:46:39.583057"], ["updated_at", "2015-10-20 08:46:39.583057"]]
D, [2015-10-20T16:46:39.586001 #9509] DEBUG -- :   [1m[36m (0.1ms)[0m  [1mcommit transaction[0m
D, [2015-10-20T16:46:39.586694 #9509] DEBUG -- :   [1m[35m (0.1ms)[0m  begin transaction
D, [2015-10-20T16:46:39.588048 #9509] DEBUG -- :   [1m[36mSQL (0.1ms)[0m  [1mUPDATE "users" SET "name" = ?, "updated_at" = ? WHERE "users"."id" = ?[0m  [["name", "Tom"], ["updated_at", "2015-10-20 08:46:39.587179"], ["id", 6]]
D, [2015-10-20T16:46:39.588388 #9509] DEBUG -- :   [1m[35m (0.1ms)[0m  commit transaction
D, [2015-10-20T16:46:39.589881 #9509] DEBUG -- :   [1m[36m (0.1ms)[0m  [1mbegin transaction[0m
D, [2015-10-20T16:46:39.590622 #9509] DEBUG -- :   [1m[35mSQL (0.1ms)[0m  INSERT INTO "users" ("name", "username", "password", "created_at", "updated_at") VALUES (?, ?, ?, ?, ?)  [["name", "Brandon"], ["username", "brandon"], ["password", "password"], ["created_at", "2015-10-20 08:46:39.589988"], ["updated_at", "2015-10-20 08:46:39.589988"]]
D, [2015-10-20T16:46:39.590962 #9509] DEBUG -- :   [1m[36m (0.0ms)[0m  [1mcommit transaction[0m
D, [2015-10-20T16:46:39.591430 #9509] DEBUG -- :   [1m[35m (0.0ms)[0m  begin transaction
D, [2015-10-20T16:46:39.592242 #9509] DEBUG -- :   [1m[36m (0.0ms)[0m  [1mcommit transaction[0m
D, [2015-10-20T16:46:39.593155 #9509] DEBUG -- :   [1m[35m (0.0ms)[0m  begin transaction
D, [2015-10-20T16:46:39.593940 #9509] DEBUG -- :   [1m[36mSQL (0.1ms)[0m  [1mINSERT INTO "users" ("name", "username", "password", "created_at", "updated_at") VALUES (?, ?, ?, ?, ?)[0m  [["name", "Brandon"], ["username", "brandon"], ["password", "password"], ["created_at", "2015-10-20 08:46:39.593269"], ["updated_at", "2015-10-20 08:46:39.593269"]]
D, [2015-10-20T16:46:39.594317 #9509] DEBUG -- :   [1m[35m (0.0ms)[0m  commit transaction
D, [2015-10-20T16:46:39.594729 #9509] DEBUG -- :   [1m[36m (0.0ms)[0m  [1mbegin transaction[0m
D, [2015-10-20T16:46:39.595229 #9509] DEBUG -- :   [1m[35m (0.0ms)[0m  commit transaction
D, [2015-10-20T16:46:39.596295 #9509] DEBUG -- :   [1m[36m (0.0ms)[0m  [1mbegin transaction[0m
D, [2015-10-20T16:46:39.597398 #9509] DEBUG -- :   [1m[35mSQL (0.1ms)[0m  INSERT INTO "users" ("name", "username", "password", "created_at", "updated_at") VALUES (?, ?, ?, ?, ?)  [["name", "Brandon"], ["username", "brandon"], ["password", "password"], ["created_at", "2015-10-20 08:46:39.596394"], ["updated_at", "2015-10-20 08:46:39.596394"]]
D, [2015-10-20T16:46:39.597975 #9509] DEBUG -- :   [1m[36m (0.1ms)[0m  [1mcommit transaction[0m
D, [2015-10-20T16:46:39.598704 #9509] DEBUG -- :   [1m[35m (0.1ms)[0m  begin transaction
D, [2015-10-20T16:46:39.599151 #9509] DEBUG -- :   [1m[36m (0.0ms)[0m  [1mcommit transaction[0m
D, [2015-10-20T16:46:39.600129 #9509] DEBUG -- :   [1m[35m (0.0ms)[0m  begin transaction
D, [2015-10-20T16:46:39.600796 #9509] DEBUG -- :   [1m[36mSQL (0.1ms)[0m  [1mINSERT INTO "users" ("name", "username", "password", "created_at", "updated_at") VALUES (?, ?, ?, ?, ?)[0m  [["name", "Brandon"], ["username", "brandon"], ["password", "password"], ["created_at", "2015-10-20 08:46:39.600209"], ["updated_at", "2015-10-20 08:46:39.600209"]]
D, [2015-10-20T16:46:39.601189 #9509] DEBUG -- :   [1m[35m (0.1ms)[0m  commit transaction
D, [2015-10-20T16:46:39.601760 #9509] DEBUG -- :   [1m[36m (0.1ms)[0m  [1mbegin transaction[0m
D, [2015-10-20T16:46:39.602483 #9509] DEBUG -- :   [1m[35mSQL (0.1ms)[0m  DELETE FROM "users" WHERE "users"."id" = ?  [["id", 10]]
D, [2015-10-20T16:46:39.603056 #9509] DEBUG -- :   [1m[36m (0.1ms)[0m  [1mcommit transaction[0m
D, [2015-10-20T16:46:39.605164 #9509] DEBUG -- :   [1m[35m (0.1ms)[0m  begin transaction
D, [2015-10-20T16:46:39.607023 #9509] DEBUG -- :   [1m[36mSQL (0.1ms)[0m  [1mINSERT INTO "users" ("name", "username", "password", "created_at", "updated_at") VALUES (?, ?, ?, ?, ?)[0m  [["name", "Brandon"], ["username", "brandon"], ["password", "password"], ["created_at", "2015-10-20 08:46:39.605587"], ["updated_at", "2015-10-20 08:46:39.605587"]]
D, [2015-10-20T16:46:39.607711 #9509] DEBUG -- :   [1m[35m (0.1ms)[0m  commit transaction
D, [2015-10-20T16:46:39.608216 #9509] DEBUG -- :   [1m[36m (0.0ms)[0m  [1mbegin transaction[0m
D, [2015-10-20T16:46:39.608759 #9509] DEBUG -- :   [1m[35mSQL (0.0ms)[0m  DELETE FROM "users" WHERE "users"."id" = ?  [["id", 11]]
D, [2015-10-20T16:46:39.608900 #9509] DEBUG -- :   [1m[36m (0.0ms)[0m  [1mcommit transaction[0m
D, [2015-10-20T16:46:39.610211 #9509] DEBUG -- :   [1m[35m (0.1ms)[0m  begin transaction
D, [2015-10-20T16:46:39.611187 #9509] DEBUG -- :   [1m[36mSQL (0.1ms)[0m  [1mINSERT INTO "users" ("name", "username", "password", "created_at", "updated_at") VALUES (?, ?, ?, ?, ?)[0m  [["name", "Brandon"], ["username", "brandon"], ["password", "password"], ["created_at", "2015-10-20 08:46:39.610322"], ["updated_at", "2015-10-20 08:46:39.610322"]]
D, [2015-10-20T16:46:39.611590 #9509] DEBUG -- :   [1m[35m (0.1ms)[0m  commit transaction
D, [2015-10-20T16:46:39.612124 #9509] DEBUG -- :   [1m[36m (0.1ms)[0m  [1mbegin transaction[0m
D, [2015-10-20T16:46:39.612653 #9509] DEBUG -- :   [1m[35mSQL (0.0ms)[0m  DELETE FROM "users" WHERE "users"."id" = ?  [["id", 12]]
D, [2015-10-20T16:46:39.612792 #9509] DEBUG -- :   [1m[36m (0.0ms)[0m  [1mcommit transaction[0m
D, [2015-10-20T16:46:39.616488 #9509] DEBUG -- :   [1m[35m (0.1ms)[0m  begin transaction
D, [2015-10-20T16:46:39.617446 #9509] DEBUG -- :   [1m[36mSQL (0.1ms)[0m  [1mINSERT INTO "users" ("name", "username", "password", "created_at", "updated_at") VALUES (?, ?, ?, ?, ?)[0m  [["name", "Brandon"], ["username", "brandon"], ["password", "password"], ["created_at", "2015-10-20 08:46:39.616645"], ["updated_at", "2015-10-20 08:46:39.616645"]]
D, [2015-10-20T16:46:39.617859 #9509] DEBUG -- :   [1m[35m (0.1ms)[0m  commit transaction
D, [2015-10-20T16:46:39.621181 #9509] DEBUG -- :   [1m[36m (0.1ms)[0m  [1mbegin transaction[0m
D, [2015-10-20T16:46:39.622968 #9509] DEBUG -- :   [1m[35mSQL (0.2ms)[0m  INSERT INTO "users" ("created_at", "updated_at") VALUES (?, ?)  [["created_at", "2015-10-20 08:46:39.621490"], ["updated_at", "2015-10-20 08:46:39.621490"]]
D, [2015-10-20T16:46:39.623509 #9509] DEBUG -- :   [1m[36m (0.1ms)[0m  [1mcommit transaction[0m
D, [2015-10-20T16:46:57.933906 #9526] DEBUG -- :   [1m[36m (0.3ms)[0m  [1mCREATE TABLE "users" ("id" INTEGER PRIMARY KEY AUTOINCREMENT NOT NULL, "name" varchar, "username" varchar, "password" varchar, "activated" boolean, "suspended_at" datetime, "logins" integer DEFAULT 0, "created_at" datetime, "updated_at" datetime) [0m
D, [2015-10-20T16:46:58.106045 #9526] DEBUG -- :   [1m[35m (0.1ms)[0m  begin transaction
D, [2015-10-20T16:46:58.109977 #9526] DEBUG -- :   [1m[36mSQL (0.2ms)[0m  [1mINSERT INTO "users" ("name", "username", "password", "created_at", "updated_at") VALUES (?, ?, ?, ?, ?)[0m  [["name", "darth"], ["username", "darth"], ["password", "noooooooo"], ["created_at", "2015-10-20 08:46:58.108606"], ["updated_at", "2015-10-20 08:46:58.108606"]]
D, [2015-10-20T16:46:58.110575 #9526] DEBUG -- :   [1m[35m (0.1ms)[0m  commit transaction
D, [2015-10-20T16:46:58.112817 #9526] DEBUG -- :   [1m[36m (0.4ms)[0m  [1mbegin transaction[0m
D, [2015-10-20T16:46:58.114201 #9526] DEBUG -- :   [1m[35mSQL (0.1ms)[0m  INSERT INTO "users" ("name", "username", "password", "created_at", "updated_at") VALUES (?, ?, ?, ?, ?)  [["name", "darth"], ["username", "darth"], ["password", "noooooooo"], ["created_at", "2015-10-20 08:46:58.113059"], ["updated_at", "2015-10-20 08:46:58.113059"]]
D, [2015-10-20T16:46:58.114645 #9526] DEBUG -- :   [1m[36m (0.1ms)[0m  [1mcommit transaction[0m
D, [2015-10-20T16:46:58.116194 #9526] DEBUG -- :   [1m[35m (0.1ms)[0m  begin transaction
D, [2015-10-20T16:46:58.116982 #9526] DEBUG -- :   [1m[36mSQL (0.1ms)[0m  [1mINSERT INTO "users" ("name", "username", "password", "created_at", "updated_at") VALUES (?, ?, ?, ?, ?)[0m  [["name", "darth"], ["username", "darth"], ["password", "noooooooo"], ["created_at", "2015-10-20 08:46:58.116335"], ["updated_at", "2015-10-20 08:46:58.116335"]]
D, [2015-10-20T16:46:58.117332 #9526] DEBUG -- :   [1m[35m (0.0ms)[0m  commit transaction
D, [2015-10-20T16:46:58.119046 #9526] DEBUG -- :   [1m[36m (0.0ms)[0m  [1mbegin transaction[0m
D, [2015-10-20T16:46:58.119774 #9526] DEBUG -- :   [1m[35mSQL (0.1ms)[0m  INSERT INTO "users" ("name", "username", "password", "created_at", "updated_at") VALUES (?, ?, ?, ?, ?)  [["name", "Brandon"], ["username", "brandon"], ["password", "password"], ["created_at", "2015-10-20 08:46:58.119150"], ["updated_at", "2015-10-20 08:46:58.119150"]]
D, [2015-10-20T16:46:58.120120 #9526] DEBUG -- :   [1m[36m (0.0ms)[0m  [1mcommit transaction[0m
D, [2015-10-20T16:46:58.120607 #9526] DEBUG -- :   [1m[35m (0.0ms)[0m  begin transaction
D, [2015-10-20T16:46:58.125530 #9526] DEBUG -- :   [1m[36mSQL (0.2ms)[0m  [1mUPDATE "users" SET "name" = ?, "updated_at" = ? WHERE "users"."id" = ?[0m  [["name", "Tom"], ["updated_at", "2015-10-20 08:46:58.120840"], ["id", 4]]
D, [2015-10-20T16:46:58.126465 #9526] DEBUG -- :   [1m[35m (0.1ms)[0m  commit transaction
D, [2015-10-20T16:46:58.127887 #9526] DEBUG -- :   [1m[36m (0.1ms)[0m  [1mbegin transaction[0m
D, [2015-10-20T16:46:58.130941 #9526] DEBUG -- :   [1m[35mSQL (0.2ms)[0m  INSERT INTO "users" ("name", "username", "password", "created_at", "updated_at") VALUES (?, ?, ?, ?, ?)  [["name", "Brandon"], ["username", "brandon"], ["password", "password"], ["created_at", "2015-10-20 08:46:58.128062"], ["updated_at", "2015-10-20 08:46:58.128062"]]
D, [2015-10-20T16:46:58.132163 #9526] DEBUG -- :   [1m[36m (0.1ms)[0m  [1mcommit transaction[0m
D, [2015-10-20T16:46:58.133301 #9526] DEBUG -- :   [1m[35m (0.1ms)[0m  begin transaction
D, [2015-10-20T16:46:58.135328 #9526] DEBUG -- :   [1m[36mSQL (0.1ms)[0m  [1mUPDATE "users" SET "name" = ?, "updated_at" = ? WHERE "users"."id" = ?[0m  [["name", "Tom"], ["updated_at", "2015-10-20 08:46:58.133917"], ["id", 5]]
D, [2015-10-20T16:46:58.135997 #9526] DEBUG -- :   [1m[35m (0.1ms)[0m  commit transaction
D, [2015-10-20T16:46:58.137565 #9526] DEBUG -- :   [1m[36m (0.1ms)[0m  [1mbegin transaction[0m
D, [2015-10-20T16:46:58.138420 #9526] DEBUG -- :   [1m[35mSQL (0.1ms)[0m  INSERT INTO "users" ("name", "username", "password", "created_at", "updated_at") VALUES (?, ?, ?, ?, ?)  [["name", "Brandon"], ["username", "brandon"], ["password", "password"], ["created_at", "2015-10-20 08:46:58.137701"], ["updated_at", "2015-10-20 08:46:58.137701"]]
D, [2015-10-20T16:46:58.139057 #9526] DEBUG -- :   [1m[36m (0.1ms)[0m  [1mcommit transaction[0m
D, [2015-10-20T16:46:58.139668 #9526] DEBUG -- :   [1m[35m (0.1ms)[0m  begin transaction
D, [2015-10-20T16:46:58.140678 #9526] DEBUG -- :   [1m[36mSQL (0.1ms)[0m  [1mUPDATE "users" SET "name" = ?, "updated_at" = ? WHERE "users"."id" = ?[0m  [["name", "Tom"], ["updated_at", "2015-10-20 08:46:58.139952"], ["id", 6]]
D, [2015-10-20T16:46:58.141010 #9526] DEBUG -- :   [1m[35m (0.0ms)[0m  commit transaction
D, [2015-10-20T16:46:58.143564 #9526] DEBUG -- :   [1m[36m (0.1ms)[0m  [1mbegin transaction[0m
D, [2015-10-20T16:46:58.144710 #9526] DEBUG -- :   [1m[35mSQL (0.1ms)[0m  INSERT INTO "users" ("name", "username", "password", "created_at", "updated_at") VALUES (?, ?, ?, ?, ?)  [["name", "Brandon"], ["username", "brandon"], ["password", "password"], ["created_at", "2015-10-20 08:46:58.143739"], ["updated_at", "2015-10-20 08:46:58.143739"]]
D, [2015-10-20T16:46:58.145377 #9526] DEBUG -- :   [1m[36m (0.1ms)[0m  [1mcommit transaction[0m
D, [2015-10-20T16:46:58.146660 #9526] DEBUG -- :   [1m[35m (0.1ms)[0m  begin transaction
D, [2015-10-20T16:46:58.147380 #9526] DEBUG -- :   [1m[36m (0.0ms)[0m  [1mcommit transaction[0m
D, [2015-10-20T16:46:58.148532 #9526] DEBUG -- :   [1m[35m (0.1ms)[0m  begin transaction
D, [2015-10-20T16:46:58.149361 #9526] DEBUG -- :   [1m[36mSQL (0.1ms)[0m  [1mINSERT INTO "users" ("name", "username", "password", "created_at", "updated_at") VALUES (?, ?, ?, ?, ?)[0m  [["name", "Brandon"], ["username", "brandon"], ["password", "password"], ["created_at", "2015-10-20 08:46:58.148667"], ["updated_at", "2015-10-20 08:46:58.148667"]]
D, [2015-10-20T16:46:58.149708 #9526] DEBUG -- :   [1m[35m (0.0ms)[0m  commit transaction
D, [2015-10-20T16:46:58.150116 #9526] DEBUG -- :   [1m[36m (0.0ms)[0m  [1mbegin transaction[0m
D, [2015-10-20T16:46:58.150580 #9526] DEBUG -- :   [1m[35m (0.0ms)[0m  commit transaction
D, [2015-10-20T16:46:58.151593 #9526] DEBUG -- :   [1m[36m (0.0ms)[0m  [1mbegin transaction[0m
D, [2015-10-20T16:46:58.152284 #9526] DEBUG -- :   [1m[35mSQL (0.1ms)[0m  INSERT INTO "users" ("name", "username", "password", "created_at", "updated_at") VALUES (?, ?, ?, ?, ?)  [["name", "Brandon"], ["username", "brandon"], ["password", "password"], ["created_at", "2015-10-20 08:46:58.151684"], ["updated_at", "2015-10-20 08:46:58.151684"]]
D, [2015-10-20T16:46:58.152607 #9526] DEBUG -- :   [1m[36m (0.0ms)[0m  [1mcommit transaction[0m
D, [2015-10-20T16:46:58.153012 #9526] DEBUG -- :   [1m[35m (0.0ms)[0m  begin transaction
D, [2015-10-20T16:46:58.153424 #9526] DEBUG -- :   [1m[36m (0.0ms)[0m  [1mcommit transaction[0m
D, [2015-10-20T16:46:58.154957 #9526] DEBUG -- :   [1m[35m (0.1ms)[0m  begin transaction
D, [2015-10-20T16:46:58.157118 #9526] DEBUG -- :   [1m[36mSQL (0.5ms)[0m  [1mINSERT INTO "users" ("name", "username", "password", "created_at", "updated_at") VALUES (?, ?, ?, ?, ?)[0m  [["name", "Brandon"], ["username", "brandon"], ["password", "password"], ["created_at", "2015-10-20 08:46:58.155142"], ["updated_at", "2015-10-20 08:46:58.155142"]]
D, [2015-10-20T16:46:58.157677 #9526] DEBUG -- :   [1m[35m (0.1ms)[0m  commit transaction
D, [2015-10-20T16:46:58.158203 #9526] DEBUG -- :   [1m[36m (0.0ms)[0m  [1mbegin transaction[0m
D, [2015-10-20T16:46:58.158913 #9526] DEBUG -- :   [1m[35mSQL (0.1ms)[0m  DELETE FROM "users" WHERE "users"."id" = ?  [["id", 10]]
D, [2015-10-20T16:46:58.159210 #9526] DEBUG -- :   [1m[36m (0.1ms)[0m  [1mcommit transaction[0m
D, [2015-10-20T16:46:58.161211 #9526] DEBUG -- :   [1m[35m (0.1ms)[0m  begin transaction
D, [2015-10-20T16:46:58.162225 #9526] DEBUG -- :   [1m[36mSQL (0.1ms)[0m  [1mINSERT INTO "users" ("name", "username", "password", "created_at", "updated_at") VALUES (?, ?, ?, ?, ?)[0m  [["name", "Brandon"], ["username", "brandon"], ["password", "password"], ["created_at", "2015-10-20 08:46:58.161348"], ["updated_at", "2015-10-20 08:46:58.161348"]]
D, [2015-10-20T16:46:58.162740 #9526] DEBUG -- :   [1m[35m (0.1ms)[0m  commit transaction
D, [2015-10-20T16:46:58.163223 #9526] DEBUG -- :   [1m[36m (0.0ms)[0m  [1mbegin transaction[0m
D, [2015-10-20T16:46:58.163602 #9526] DEBUG -- :   [1m[35mSQL (0.0ms)[0m  DELETE FROM "users" WHERE "users"."id" = ?  [["id", 11]]
D, [2015-10-20T16:46:58.163730 #9526] DEBUG -- :   [1m[36m (0.0ms)[0m  [1mcommit transaction[0m
D, [2015-10-20T16:46:58.164747 #9526] DEBUG -- :   [1m[35m (0.0ms)[0m  begin transaction
D, [2015-10-20T16:46:58.165399 #9526] DEBUG -- :   [1m[36mSQL (0.1ms)[0m  [1mINSERT INTO "users" ("name", "username", "password", "created_at", "updated_at") VALUES (?, ?, ?, ?, ?)[0m  [["name", "Brandon"], ["username", "brandon"], ["password", "password"], ["created_at", "2015-10-20 08:46:58.164837"], ["updated_at", "2015-10-20 08:46:58.164837"]]
D, [2015-10-20T16:46:58.165705 #9526] DEBUG -- :   [1m[35m (0.0ms)[0m  commit transaction
D, [2015-10-20T16:46:58.166137 #9526] DEBUG -- :   [1m[36m (0.0ms)[0m  [1mbegin transaction[0m
D, [2015-10-20T16:46:58.166480 #9526] DEBUG -- :   [1m[35mSQL (0.0ms)[0m  DELETE FROM "users" WHERE "users"."id" = ?  [["id", 12]]
D, [2015-10-20T16:46:58.166596 #9526] DEBUG -- :   [1m[36m (0.0ms)[0m  [1mcommit transaction[0m
D, [2015-10-20T16:46:58.169705 #9526] DEBUG -- :   [1m[35m (0.1ms)[0m  begin transaction
D, [2015-10-20T16:46:58.170602 #9526] DEBUG -- :   [1m[36mSQL (0.1ms)[0m  [1mINSERT INTO "users" ("name", "username", "password", "created_at", "updated_at") VALUES (?, ?, ?, ?, ?)[0m  [["name", "Brandon"], ["username", "brandon"], ["password", "password"], ["created_at", "2015-10-20 08:46:58.169865"], ["updated_at", "2015-10-20 08:46:58.169865"]]
D, [2015-10-20T16:46:58.171082 #9526] DEBUG -- :   [1m[35m (0.1ms)[0m  commit transaction
D, [2015-10-20T16:46:58.174425 #9526] DEBUG -- :   [1m[36m (0.1ms)[0m  [1mbegin transaction[0m
D, [2015-10-20T16:46:58.175247 #9526] DEBUG -- :   [1m[35mSQL (0.1ms)[0m  INSERT INTO "users" ("created_at", "updated_at") VALUES (?, ?)  [["created_at", "2015-10-20 08:46:58.174556"], ["updated_at", "2015-10-20 08:46:58.174556"]]
D, [2015-10-20T16:46:58.175590 #9526] DEBUG -- :   [1m[36m (0.0ms)[0m  [1mcommit transaction[0m
